<?xml version="1.0" encoding="UTF-8"?>
<testsuite xmlns:xsi="http://www.w3.org/2001/XMLSchema-instance" xsi:noNamespaceSchemaLocation="https://maven.apache.org/surefire/maven-surefire-plugin/xsd/surefire-test-report.xsd" name="com.bootdo.testDemo.TestDemo" time="15.59" tests="1" errors="0" skipped="0" failures="0">
  <properties>
    <property name="sun.desktop" value="windows"/>
    <property name="awt.toolkit" value="sun.awt.windows.WToolkit"/>
    <property name="file.encoding.pkg" value="sun.io"/>
    <property name="java.specification.version" value="1.8"/>
    <property name="sun.cpu.isalist" value="amd64"/>
    <property name="sun.jnu.encoding" value="GBK"/>
    <property name="java.class.path" value="E:\bootdo\bootdo\target\test-classes;E:\bootdo\bootdo\target\classes;E:\repository\org\springframework\boot\spring-boot-starter\2.0.3.RELEASE\spring-boot-starter-2.0.3.RELEASE.jar;E:\repository\org\springframework\boot\spring-boot\2.0.3.RELEASE\spring-boot-2.0.3.RELEASE.jar;E:\repository\org\springframework\boot\spring-boot-autoconfigure\2.0.3.RELEASE\spring-boot-autoconfigure-2.0.3.RELEASE.jar;E:\repository\org\springframework\boot\spring-boot-starter-logging\2.0.3.RELEASE\spring-boot-starter-logging-2.0.3.RELEASE.jar;E:\repository\ch\qos\logback\logback-classic\1.2.3\logback-classic-1.2.3.jar;E:\repository\ch\qos\logback\logback-core\1.2.3\logback-core-1.2.3.jar;E:\repository\org\apache\logging\log4j\log4j-to-slf4j\2.10.0\log4j-to-slf4j-2.10.0.jar;E:\repository\org\apache\logging\log4j\log4j-api\2.10.0\log4j-api-2.10.0.jar;E:\repository\org\slf4j\jul-to-slf4j\1.7.25\jul-to-slf4j-1.7.25.jar;E:\repository\javax\annotation\javax.annotation-api\1.3.2\javax.annotation-api-1.3.2.jar;E:\repository\org\springframework\spring-core\5.0.7.RELEASE\spring-core-5.0.7.RELEASE.jar;E:\repository\org\springframework\spring-jcl\5.0.7.RELEASE\spring-jcl-5.0.7.RELEASE.jar;E:\repository\org\yaml\snakeyaml\1.19\snakeyaml-1.19.jar;E:\repository\org\springframework\boot\spring-boot-starter-test\2.0.3.RELEASE\spring-boot-starter-test-2.0.3.RELEASE.jar;E:\repository\org\springframework\boot\spring-boot-test\2.0.3.RELEASE\spring-boot-test-2.0.3.RELEASE.jar;E:\repository\org\springframework\boot\spring-boot-test-autoconfigure\2.0.3.RELEASE\spring-boot-test-autoconfigure-2.0.3.RELEASE.jar;E:\repository\com\jayway\jsonpath\json-path\2.4.0\json-path-2.4.0.jar;E:\repository\net\minidev\json-smart\2.3\json-smart-2.3.jar;E:\repository\net\minidev\accessors-smart\1.2\accessors-smart-1.2.jar;E:\repository\org\ow2\asm\asm\5.0.4\asm-5.0.4.jar;E:\repository\junit\junit\4.12\junit-4.12.jar;E:\repository\org\assertj\assertj-core\3.9.1\assertj-core-3.9.1.jar;E:\repository\org\mockito\mockito-core\2.15.0\mockito-core-2.15.0.jar;E:\repository\net\bytebuddy\byte-buddy\1.7.11\byte-buddy-1.7.11.jar;E:\repository\net\bytebuddy\byte-buddy-agent\1.7.11\byte-buddy-agent-1.7.11.jar;E:\repository\org\objenesis\objenesis\2.6\objenesis-2.6.jar;E:\repository\org\hamcrest\hamcrest-core\1.3\hamcrest-core-1.3.jar;E:\repository\org\hamcrest\hamcrest-library\1.3\hamcrest-library-1.3.jar;E:\repository\org\skyscreamer\jsonassert\1.5.0\jsonassert-1.5.0.jar;E:\repository\com\vaadin\external\google\android-json\0.0.20131108.vaadin1\android-json-0.0.20131108.vaadin1.jar;E:\repository\org\springframework\spring-test\5.0.7.RELEASE\spring-test-5.0.7.RELEASE.jar;E:\repository\org\xmlunit\xmlunit-core\2.5.1\xmlunit-core-2.5.1.jar;E:\repository\org\springframework\boot\spring-boot-starter-aop\2.0.3.RELEASE\spring-boot-starter-aop-2.0.3.RELEASE.jar;E:\repository\org\springframework\spring-aop\5.0.7.RELEASE\spring-aop-5.0.7.RELEASE.jar;E:\repository\org\aspectj\aspectjweaver\1.8.13\aspectjweaver-1.8.13.jar;E:\repository\org\springframework\boot\spring-boot-starter-web\2.0.3.RELEASE\spring-boot-starter-web-2.0.3.RELEASE.jar;E:\repository\org\springframework\boot\spring-boot-starter-json\2.0.3.RELEASE\spring-boot-starter-json-2.0.3.RELEASE.jar;E:\repository\com\fasterxml\jackson\datatype\jackson-datatype-jdk8\2.9.6\jackson-datatype-jdk8-2.9.6.jar;E:\repository\com\fasterxml\jackson\datatype\jackson-datatype-jsr310\2.9.6\jackson-datatype-jsr310-2.9.6.jar;E:\repository\com\fasterxml\jackson\module\jackson-module-parameter-names\2.9.6\jackson-module-parameter-names-2.9.6.jar;E:\repository\org\springframework\boot\spring-boot-starter-tomcat\2.0.3.RELEASE\spring-boot-starter-tomcat-2.0.3.RELEASE.jar;E:\repository\org\apache\tomcat\embed\tomcat-embed-core\8.5.31\tomcat-embed-core-8.5.31.jar;E:\repository\org\apache\tomcat\embed\tomcat-embed-el\8.5.31\tomcat-embed-el-8.5.31.jar;E:\repository\org\apache\tomcat\embed\tomcat-embed-websocket\8.5.31\tomcat-embed-websocket-8.5.31.jar;E:\repository\org\hibernate\validator\hibernate-validator\6.0.10.Final\hibernate-validator-6.0.10.Final.jar;E:\repository\javax\validation\validation-api\2.0.1.Final\validation-api-2.0.1.Final.jar;E:\repository\org\jboss\logging\jboss-logging\3.3.2.Final\jboss-logging-3.3.2.Final.jar;E:\repository\org\springframework\spring-web\5.0.7.RELEASE\spring-web-5.0.7.RELEASE.jar;E:\repository\org\springframework\spring-webmvc\5.0.7.RELEASE\spring-webmvc-5.0.7.RELEASE.jar;E:\repository\org\springframework\spring-expression\5.0.7.RELEASE\spring-expression-5.0.7.RELEASE.jar;E:\repository\org\springframework\boot\spring-boot-starter-thymeleaf\2.0.3.RELEASE\spring-boot-starter-thymeleaf-2.0.3.RELEASE.jar;E:\repository\org\thymeleaf\thymeleaf-spring5\3.0.9.RELEASE\thymeleaf-spring5-3.0.9.RELEASE.jar;E:\repository\org\thymeleaf\thymeleaf\3.0.9.RELEASE\thymeleaf-3.0.9.RELEASE.jar;E:\repository\org\attoparser\attoparser\2.0.4.RELEASE\attoparser-2.0.4.RELEASE.jar;E:\repository\org\unbescape\unbescape\1.1.5.RELEASE\unbescape-1.1.5.RELEASE.jar;E:\repository\org\thymeleaf\extras\thymeleaf-extras-java8time\3.0.1.RELEASE\thymeleaf-extras-java8time-3.0.1.RELEASE.jar;E:\repository\net\sourceforge\nekohtml\nekohtml\1.9.22\nekohtml-1.9.22.jar;E:\repository\xerces\xercesImpl\2.11.0\xercesImpl-2.11.0.jar;E:\repository\xml-apis\xml-apis\1.4.01\xml-apis-1.4.01.jar;E:\repository\mysql\mysql-connector-java\5.1.46\mysql-connector-java-5.1.46.jar;E:\repository\org\mybatis\mybatis\3.4.4\mybatis-3.4.4.jar;E:\repository\org\mybatis\spring\boot\mybatis-spring-boot-starter\1.1.1\mybatis-spring-boot-starter-1.1.1.jar;E:\repository\org\mybatis\spring\boot\mybatis-spring-boot-autoconfigure\1.1.1\mybatis-spring-boot-autoconfigure-1.1.1.jar;E:\repository\org\mybatis\mybatis-spring\1.3.0\mybatis-spring-1.3.0.jar;E:\repository\org\springframework\boot\spring-boot-starter-jdbc\2.0.3.RELEASE\spring-boot-starter-jdbc-2.0.3.RELEASE.jar;E:\repository\com\zaxxer\HikariCP\2.7.9\HikariCP-2.7.9.jar;E:\repository\com\alibaba\druid\1.0.28\druid-1.0.28.jar;G:\Program Files\Java\jdk1.8.0_202\jre\..\lib\jconsole.jar;G:\Program Files\Java\jdk1.8.0_202\jre\..\lib\tools.jar;E:\repository\org\apache\commons\commons-lang3\3.6\commons-lang3-3.6.jar;E:\repository\commons-configuration\commons-configuration\1.10\commons-configuration-1.10.jar;E:\repository\commons-lang\commons-lang\2.6\commons-lang-2.6.jar;E:\repository\commons-logging\commons-logging\1.1.1\commons-logging-1.1.1.jar;E:\repository\commons-io\commons-io\2.5\commons-io-2.5.jar;E:\repository\org\apache\shiro\shiro-core\1.3.2\shiro-core-1.3.2.jar;E:\repository\org\slf4j\slf4j-api\1.7.25\slf4j-api-1.7.25.jar;E:\repository\commons-beanutils\commons-beanutils\1.8.3\commons-beanutils-1.8.3.jar;E:\repository\org\apache\shiro\shiro-spring\1.3.2\shiro-spring-1.3.2.jar;E:\repository\org\apache\shiro\shiro-web\1.3.2\shiro-web-1.3.2.jar;E:\repository\org\apache\shiro\shiro-ehcache\1.4.0\shiro-ehcache-1.4.0.jar;E:\repository\org\apache\shiro\shiro-cache\1.4.0\shiro-cache-1.4.0.jar;E:\repository\org\apache\shiro\shiro-lang\1.4.0\shiro-lang-1.4.0.jar;E:\repository\com\github\theborakompanioni\thymeleaf-extras-shiro\2.0.0\thymeleaf-extras-shiro-2.0.0.jar;E:\repository\com\alibaba\fastjson\1.2.31\fastjson-1.2.31.jar;E:\repository\org\apache\velocity\velocity\1.7\velocity-1.7.jar;E:\repository\commons-collections\commons-collections\3.2.1\commons-collections-3.2.1.jar;E:\repository\org\springframework\boot\spring-boot-starter-cache\2.0.3.RELEASE\spring-boot-starter-cache-2.0.3.RELEASE.jar;E:\repository\org\springframework\spring-context\5.0.7.RELEASE\spring-context-5.0.7.RELEASE.jar;E:\repository\net\sf\ehcache\ehcache\2.10.5\ehcache-2.10.5.jar;E:\repository\org\quartz-scheduler\quartz\2.2.1\quartz-2.2.1.jar;E:\repository\c3p0\c3p0\0.9.1.1\c3p0-0.9.1.1.jar;E:\repository\org\springframework\boot\spring-boot-starter-websocket\2.0.3.RELEASE\spring-boot-starter-websocket-2.0.3.RELEASE.jar;E:\repository\org\springframework\spring-messaging\5.0.7.RELEASE\spring-messaging-5.0.7.RELEASE.jar;E:\repository\org\springframework\spring-websocket\5.0.7.RELEASE\spring-websocket-5.0.7.RELEASE.jar;E:\repository\org\springframework\spring-context-support\5.0.7.RELEASE\spring-context-support-5.0.7.RELEASE.jar;E:\repository\org\springframework\spring-beans\5.0.7.RELEASE\spring-beans-5.0.7.RELEASE.jar;E:\repository\org\activiti\activiti-engine\5.22.0\activiti-engine-5.22.0.jar;E:\repository\org\activiti\activiti-bpmn-converter\5.22.0\activiti-bpmn-converter-5.22.0.jar;E:\repository\org\activiti\activiti-bpmn-model\5.22.0\activiti-bpmn-model-5.22.0.jar;E:\repository\org\activiti\activiti-process-validation\5.22.0\activiti-process-validation-5.22.0.jar;E:\repository\org\activiti\activiti-image-generator\5.22.0\activiti-image-generator-5.22.0.jar;E:\repository\org\apache\commons\commons-email\1.4\commons-email-1.4.jar;E:\repository\com\sun\mail\javax.mail\1.6.1\javax.mail-1.6.1.jar;E:\repository\javax\activation\activation\1.1.1\activation-1.1.1.jar;E:\repository\joda-time\joda-time\2.9.9\joda-time-2.9.9.jar;E:\repository\org\slf4j\jcl-over-slf4j\1.7.25\jcl-over-slf4j-1.7.25.jar;E:\repository\org\activiti\activiti-spring\5.22.0\activiti-spring-5.22.0.jar;E:\repository\org\springframework\spring-jdbc\5.0.7.RELEASE\spring-jdbc-5.0.7.RELEASE.jar;E:\repository\org\springframework\spring-tx\5.0.7.RELEASE\spring-tx-5.0.7.RELEASE.jar;E:\repository\org\springframework\spring-orm\5.0.7.RELEASE\spring-orm-5.0.7.RELEASE.jar;E:\repository\commons-dbcp\commons-dbcp\1.4\commons-dbcp-1.4.jar;E:\repository\commons-pool\commons-pool\1.6\commons-pool-1.6.jar;E:\repository\org\activiti\activiti-modeler\5.22.0\activiti-modeler-5.22.0.jar;E:\repository\org\activiti\activiti-common-rest\5.22.0\activiti-common-rest-5.22.0.jar;E:\repository\org\activiti\activiti-json-converter\5.22.0\activiti-json-converter-5.22.0.jar;E:\repository\math\geom2d\javaGeom\0.11.1\javaGeom-0.11.1.jar;E:\repository\org\springframework\security\spring-security-config\5.0.6.RELEASE\spring-security-config-5.0.6.RELEASE.jar;E:\repository\org\springframework\security\spring-security-core\5.0.6.RELEASE\spring-security-core-5.0.6.RELEASE.jar;E:\repository\org\springframework\security\spring-security-crypto\5.0.6.RELEASE\spring-security-crypto-5.0.6.RELEASE.jar;E:\repository\org\springframework\security\spring-security-web\5.0.6.RELEASE\spring-security-web-5.0.6.RELEASE.jar;E:\repository\com\fasterxml\jackson\core\jackson-core\2.9.6\jackson-core-2.9.6.jar;E:\repository\com\fasterxml\jackson\core\jackson-databind\2.9.6\jackson-databind-2.9.6.jar;E:\repository\com\fasterxml\jackson\core\jackson-annotations\2.9.0\jackson-annotations-2.9.0.jar;E:\repository\org\apache\xmlgraphics\batik-parser\1.7\batik-parser-1.7.jar;E:\repository\org\apache\xmlgraphics\batik-awt-util\1.7\batik-awt-util-1.7.jar;E:\repository\org\apache\xmlgraphics\batik-util\1.7\batik-util-1.7.jar;E:\repository\org\apache\xmlgraphics\batik-xml\1.7\batik-xml-1.7.jar;E:\repository\org\apache\xmlgraphics\batik-transcoder\1.7\batik-transcoder-1.7.jar;E:\repository\org\apache\xmlgraphics\fop\0.94\fop-0.94.jar;E:\repository\org\apache\xmlgraphics\xmlgraphics-commons\1.2\xmlgraphics-commons-1.2.jar;E:\repository\org\apache\avalon\framework\avalon-framework-api\4.3.1\avalon-framework-api-4.3.1.jar;E:\repository\org\apache\avalon\framework\avalon-framework-impl\4.3.1\avalon-framework-impl-4.3.1.jar;E:\repository\org\apache\xmlgraphics\batik-dom\1.7\batik-dom-1.7.jar;E:\repository\org\apache\xmlgraphics\batik-gvt\1.7\batik-gvt-1.7.jar;E:\repository\xml-apis\xml-apis-ext\1.3.04\xml-apis-ext-1.3.04.jar;E:\repository\org\apache\xmlgraphics\batik-bridge\1.7\batik-bridge-1.7.jar;E:\repository\org\apache\xmlgraphics\batik-anim\1.7\batik-anim-1.7.jar;E:\repository\org\apache\xmlgraphics\batik-ext\1.7\batik-ext-1.7.jar;E:\repository\org\apache\xmlgraphics\batik-script\1.7\batik-script-1.7.jar;E:\repository\org\apache\xmlgraphics\batik-js\1.7\batik-js-1.7.jar;E:\repository\org\apache\xmlgraphics\batik-codec\1.7\batik-codec-1.7.jar;E:\repository\org\apache\xmlgraphics\batik-css\1.7\batik-css-1.7.jar;E:\repository\org\apache\xmlgraphics\batik-svg-dom\1.7\batik-svg-dom-1.7.jar;E:\repository\org\apache\xmlgraphics\batik-svggen\1.7\batik-svggen-1.7.jar;E:\repository\org\activiti\activiti-diagram-rest\5.22.0\activiti-diagram-rest-5.22.0.jar;E:\repository\io\springfox\springfox-swagger2\2.6.1\springfox-swagger2-2.6.1.jar;E:\repository\io\swagger\swagger-annotations\1.5.10\swagger-annotations-1.5.10.jar;E:\repository\io\swagger\swagger-models\1.5.10\swagger-models-1.5.10.jar;E:\repository\io\springfox\springfox-spi\2.6.1\springfox-spi-2.6.1.jar;E:\repository\io\springfox\springfox-core\2.6.1\springfox-core-2.6.1.jar;E:\repository\io\springfox\springfox-schema\2.6.1\springfox-schema-2.6.1.jar;E:\repository\io\springfox\springfox-swagger-common\2.6.1\springfox-swagger-common-2.6.1.jar;E:\repository\io\springfox\springfox-spring-web\2.6.1\springfox-spring-web-2.6.1.jar;E:\repository\com\google\guava\guava\18.0\guava-18.0.jar;E:\repository\com\fasterxml\classmate\1.3.4\classmate-1.3.4.jar;E:\repository\org\springframework\plugin\spring-plugin-core\1.2.0.RELEASE\spring-plugin-core-1.2.0.RELEASE.jar;E:\repository\org\springframework\plugin\spring-plugin-metadata\1.2.0.RELEASE\spring-plugin-metadata-1.2.0.RELEASE.jar;E:\repository\org\mapstruct\mapstruct\1.0.0.Final\mapstruct-1.0.0.Final.jar;E:\repository\io\springfox\springfox-swagger-ui\2.6.1\springfox-swagger-ui-2.6.1.jar;E:\repository\org\springframework\boot\spring-boot-starter-data-redis\2.0.3.RELEASE\spring-boot-starter-data-redis-2.0.3.RELEASE.jar;E:\repository\org\springframework\data\spring-data-redis\2.0.8.RELEASE\spring-data-redis-2.0.8.RELEASE.jar;E:\repository\org\springframework\data\spring-data-keyvalue\2.0.8.RELEASE\spring-data-keyvalue-2.0.8.RELEASE.jar;E:\repository\org\springframework\data\spring-data-commons\2.0.8.RELEASE\spring-data-commons-2.0.8.RELEASE.jar;E:\repository\org\springframework\spring-oxm\5.0.7.RELEASE\spring-oxm-5.0.7.RELEASE.jar;E:\repository\io\lettuce\lettuce-core\5.0.4.RELEASE\lettuce-core-5.0.4.RELEASE.jar;E:\repository\io\projectreactor\reactor-core\3.1.8.RELEASE\reactor-core-3.1.8.RELEASE.jar;E:\repository\org\reactivestreams\reactive-streams\1.0.2\reactive-streams-1.0.2.jar;E:\repository\io\netty\netty-common\4.1.25.Final\netty-common-4.1.25.Final.jar;E:\repository\io\netty\netty-transport\4.1.25.Final\netty-transport-4.1.25.Final.jar;E:\repository\io\netty\netty-buffer\4.1.25.Final\netty-buffer-4.1.25.Final.jar;E:\repository\io\netty\netty-resolver\4.1.25.Final\netty-resolver-4.1.25.Final.jar;E:\repository\io\netty\netty-handler\4.1.25.Final\netty-handler-4.1.25.Final.jar;E:\repository\io\netty\netty-codec\4.1.25.Final\netty-codec-4.1.25.Final.jar;E:\repository\redis\clients\jedis\2.9.0\jedis-2.9.0.jar;E:\repository\org\apache\commons\commons-pool2\2.5.0\commons-pool2-2.5.0.jar;E:\repository\org\jsoup\jsoup\1.9.2\jsoup-1.9.2.jar;"/>
    <property name="java.vm.vendor" value="Oracle Corporation"/>
    <property name="sun.arch.data.model" value="64"/>
    <property name="user.variant" value=""/>
    <property name="java.vendor.url" value="http://java.oracle.com/"/>
    <property name="user.timezone" value=""/>
    <property name="java.vm.specification.version" value="1.8"/>
    <property name="os.name" value="Windows 10"/>
    <property name="user.country" value="CN"/>
    <property name="sun.java.launcher" value="SUN_STANDARD"/>
    <property name="sun.boot.library.path" value="G:\Program Files\Java\jdk1.8.0_202\jre\bin"/>
    <property name="sun.java.command" value="C:\Users\wqc\AppData\Local\Temp\surefire3639178845417320434\surefirebooter4261181582571829781.jar C:\Users\wqc\AppData\Local\Temp\surefire3639178845417320434 2019-11-11T14-17-07_461-jvmRun1 surefire4915609128188945783tmp surefire_08646384980033795282tmp"/>
    <property name="surefire.test.class.path" value="E:\bootdo\bootdo\target\test-classes;E:\bootdo\bootdo\target\classes;E:\repository\org\springframework\boot\spring-boot-starter\2.0.3.RELEASE\spring-boot-starter-2.0.3.RELEASE.jar;E:\repository\org\springframework\boot\spring-boot\2.0.3.RELEASE\spring-boot-2.0.3.RELEASE.jar;E:\repository\org\springframework\boot\spring-boot-autoconfigure\2.0.3.RELEASE\spring-boot-autoconfigure-2.0.3.RELEASE.jar;E:\repository\org\springframework\boot\spring-boot-starter-logging\2.0.3.RELEASE\spring-boot-starter-logging-2.0.3.RELEASE.jar;E:\repository\ch\qos\logback\logback-classic\1.2.3\logback-classic-1.2.3.jar;E:\repository\ch\qos\logback\logback-core\1.2.3\logback-core-1.2.3.jar;E:\repository\org\apache\logging\log4j\log4j-to-slf4j\2.10.0\log4j-to-slf4j-2.10.0.jar;E:\repository\org\apache\logging\log4j\log4j-api\2.10.0\log4j-api-2.10.0.jar;E:\repository\org\slf4j\jul-to-slf4j\1.7.25\jul-to-slf4j-1.7.25.jar;E:\repository\javax\annotation\javax.annotation-api\1.3.2\javax.annotation-api-1.3.2.jar;E:\repository\org\springframework\spring-core\5.0.7.RELEASE\spring-core-5.0.7.RELEASE.jar;E:\repository\org\springframework\spring-jcl\5.0.7.RELEASE\spring-jcl-5.0.7.RELEASE.jar;E:\repository\org\yaml\snakeyaml\1.19\snakeyaml-1.19.jar;E:\repository\org\springframework\boot\spring-boot-starter-test\2.0.3.RELEASE\spring-boot-starter-test-2.0.3.RELEASE.jar;E:\repository\org\springframework\boot\spring-boot-test\2.0.3.RELEASE\spring-boot-test-2.0.3.RELEASE.jar;E:\repository\org\springframework\boot\spring-boot-test-autoconfigure\2.0.3.RELEASE\spring-boot-test-autoconfigure-2.0.3.RELEASE.jar;E:\repository\com\jayway\jsonpath\json-path\2.4.0\json-path-2.4.0.jar;E:\repository\net\minidev\json-smart\2.3\json-smart-2.3.jar;E:\repository\net\minidev\accessors-smart\1.2\accessors-smart-1.2.jar;E:\repository\org\ow2\asm\asm\5.0.4\asm-5.0.4.jar;E:\repository\junit\junit\4.12\junit-4.12.jar;E:\repository\org\assertj\assertj-core\3.9.1\assertj-core-3.9.1.jar;E:\repository\org\mockito\mockito-core\2.15.0\mockito-core-2.15.0.jar;E:\repository\net\bytebuddy\byte-buddy\1.7.11\byte-buddy-1.7.11.jar;E:\repository\net\bytebuddy\byte-buddy-agent\1.7.11\byte-buddy-agent-1.7.11.jar;E:\repository\org\objenesis\objenesis\2.6\objenesis-2.6.jar;E:\repository\org\hamcrest\hamcrest-core\1.3\hamcrest-core-1.3.jar;E:\repository\org\hamcrest\hamcrest-library\1.3\hamcrest-library-1.3.jar;E:\repository\org\skyscreamer\jsonassert\1.5.0\jsonassert-1.5.0.jar;E:\repository\com\vaadin\external\google\android-json\0.0.20131108.vaadin1\android-json-0.0.20131108.vaadin1.jar;E:\repository\org\springframework\spring-test\5.0.7.RELEASE\spring-test-5.0.7.RELEASE.jar;E:\repository\org\xmlunit\xmlunit-core\2.5.1\xmlunit-core-2.5.1.jar;E:\repository\org\springframework\boot\spring-boot-starter-aop\2.0.3.RELEASE\spring-boot-starter-aop-2.0.3.RELEASE.jar;E:\repository\org\springframework\spring-aop\5.0.7.RELEASE\spring-aop-5.0.7.RELEASE.jar;E:\repository\org\aspectj\aspectjweaver\1.8.13\aspectjweaver-1.8.13.jar;E:\repository\org\springframework\boot\spring-boot-starter-web\2.0.3.RELEASE\spring-boot-starter-web-2.0.3.RELEASE.jar;E:\repository\org\springframework\boot\spring-boot-starter-json\2.0.3.RELEASE\spring-boot-starter-json-2.0.3.RELEASE.jar;E:\repository\com\fasterxml\jackson\datatype\jackson-datatype-jdk8\2.9.6\jackson-datatype-jdk8-2.9.6.jar;E:\repository\com\fasterxml\jackson\datatype\jackson-datatype-jsr310\2.9.6\jackson-datatype-jsr310-2.9.6.jar;E:\repository\com\fasterxml\jackson\module\jackson-module-parameter-names\2.9.6\jackson-module-parameter-names-2.9.6.jar;E:\repository\org\springframework\boot\spring-boot-starter-tomcat\2.0.3.RELEASE\spring-boot-starter-tomcat-2.0.3.RELEASE.jar;E:\repository\org\apache\tomcat\embed\tomcat-embed-core\8.5.31\tomcat-embed-core-8.5.31.jar;E:\repository\org\apache\tomcat\embed\tomcat-embed-el\8.5.31\tomcat-embed-el-8.5.31.jar;E:\repository\org\apache\tomcat\embed\tomcat-embed-websocket\8.5.31\tomcat-embed-websocket-8.5.31.jar;E:\repository\org\hibernate\validator\hibernate-validator\6.0.10.Final\hibernate-validator-6.0.10.Final.jar;E:\repository\javax\validation\validation-api\2.0.1.Final\validation-api-2.0.1.Final.jar;E:\repository\org\jboss\logging\jboss-logging\3.3.2.Final\jboss-logging-3.3.2.Final.jar;E:\repository\org\springframework\spring-web\5.0.7.RELEASE\spring-web-5.0.7.RELEASE.jar;E:\repository\org\springframework\spring-webmvc\5.0.7.RELEASE\spring-webmvc-5.0.7.RELEASE.jar;E:\repository\org\springframework\spring-expression\5.0.7.RELEASE\spring-expression-5.0.7.RELEASE.jar;E:\repository\org\springframework\boot\spring-boot-starter-thymeleaf\2.0.3.RELEASE\spring-boot-starter-thymeleaf-2.0.3.RELEASE.jar;E:\repository\org\thymeleaf\thymeleaf-spring5\3.0.9.RELEASE\thymeleaf-spring5-3.0.9.RELEASE.jar;E:\repository\org\thymeleaf\thymeleaf\3.0.9.RELEASE\thymeleaf-3.0.9.RELEASE.jar;E:\repository\org\attoparser\attoparser\2.0.4.RELEASE\attoparser-2.0.4.RELEASE.jar;E:\repository\org\unbescape\unbescape\1.1.5.RELEASE\unbescape-1.1.5.RELEASE.jar;E:\repository\org\thymeleaf\extras\thymeleaf-extras-java8time\3.0.1.RELEASE\thymeleaf-extras-java8time-3.0.1.RELEASE.jar;E:\repository\net\sourceforge\nekohtml\nekohtml\1.9.22\nekohtml-1.9.22.jar;E:\repository\xerces\xercesImpl\2.11.0\xercesImpl-2.11.0.jar;E:\repository\xml-apis\xml-apis\1.4.01\xml-apis-1.4.01.jar;E:\repository\mysql\mysql-connector-java\5.1.46\mysql-connector-java-5.1.46.jar;E:\repository\org\mybatis\mybatis\3.4.4\mybatis-3.4.4.jar;E:\repository\org\mybatis\spring\boot\mybatis-spring-boot-starter\1.1.1\mybatis-spring-boot-starter-1.1.1.jar;E:\repository\org\mybatis\spring\boot\mybatis-spring-boot-autoconfigure\1.1.1\mybatis-spring-boot-autoconfigure-1.1.1.jar;E:\repository\org\mybatis\mybatis-spring\1.3.0\mybatis-spring-1.3.0.jar;E:\repository\org\springframework\boot\spring-boot-starter-jdbc\2.0.3.RELEASE\spring-boot-starter-jdbc-2.0.3.RELEASE.jar;E:\repository\com\zaxxer\HikariCP\2.7.9\HikariCP-2.7.9.jar;E:\repository\com\alibaba\druid\1.0.28\druid-1.0.28.jar;G:\Program Files\Java\jdk1.8.0_202\jre\..\lib\jconsole.jar;G:\Program Files\Java\jdk1.8.0_202\jre\..\lib\tools.jar;E:\repository\org\apache\commons\commons-lang3\3.6\commons-lang3-3.6.jar;E:\repository\commons-configuration\commons-configuration\1.10\commons-configuration-1.10.jar;E:\repository\commons-lang\commons-lang\2.6\commons-lang-2.6.jar;E:\repository\commons-logging\commons-logging\1.1.1\commons-logging-1.1.1.jar;E:\repository\commons-io\commons-io\2.5\commons-io-2.5.jar;E:\repository\org\apache\shiro\shiro-core\1.3.2\shiro-core-1.3.2.jar;E:\repository\org\slf4j\slf4j-api\1.7.25\slf4j-api-1.7.25.jar;E:\repository\commons-beanutils\commons-beanutils\1.8.3\commons-beanutils-1.8.3.jar;E:\repository\org\apache\shiro\shiro-spring\1.3.2\shiro-spring-1.3.2.jar;E:\repository\org\apache\shiro\shiro-web\1.3.2\shiro-web-1.3.2.jar;E:\repository\org\apache\shiro\shiro-ehcache\1.4.0\shiro-ehcache-1.4.0.jar;E:\repository\org\apache\shiro\shiro-cache\1.4.0\shiro-cache-1.4.0.jar;E:\repository\org\apache\shiro\shiro-lang\1.4.0\shiro-lang-1.4.0.jar;E:\repository\com\github\theborakompanioni\thymeleaf-extras-shiro\2.0.0\thymeleaf-extras-shiro-2.0.0.jar;E:\repository\com\alibaba\fastjson\1.2.31\fastjson-1.2.31.jar;E:\repository\org\apache\velocity\velocity\1.7\velocity-1.7.jar;E:\repository\commons-collections\commons-collections\3.2.1\commons-collections-3.2.1.jar;E:\repository\org\springframework\boot\spring-boot-starter-cache\2.0.3.RELEASE\spring-boot-starter-cache-2.0.3.RELEASE.jar;E:\repository\org\springframework\spring-context\5.0.7.RELEASE\spring-context-5.0.7.RELEASE.jar;E:\repository\net\sf\ehcache\ehcache\2.10.5\ehcache-2.10.5.jar;E:\repository\org\quartz-scheduler\quartz\2.2.1\quartz-2.2.1.jar;E:\repository\c3p0\c3p0\0.9.1.1\c3p0-0.9.1.1.jar;E:\repository\org\springframework\boot\spring-boot-starter-websocket\2.0.3.RELEASE\spring-boot-starter-websocket-2.0.3.RELEASE.jar;E:\repository\org\springframework\spring-messaging\5.0.7.RELEASE\spring-messaging-5.0.7.RELEASE.jar;E:\repository\org\springframework\spring-websocket\5.0.7.RELEASE\spring-websocket-5.0.7.RELEASE.jar;E:\repository\org\springframework\spring-context-support\5.0.7.RELEASE\spring-context-support-5.0.7.RELEASE.jar;E:\repository\org\springframework\spring-beans\5.0.7.RELEASE\spring-beans-5.0.7.RELEASE.jar;E:\repository\org\activiti\activiti-engine\5.22.0\activiti-engine-5.22.0.jar;E:\repository\org\activiti\activiti-bpmn-converter\5.22.0\activiti-bpmn-converter-5.22.0.jar;E:\repository\org\activiti\activiti-bpmn-model\5.22.0\activiti-bpmn-model-5.22.0.jar;E:\repository\org\activiti\activiti-process-validation\5.22.0\activiti-process-validation-5.22.0.jar;E:\repository\org\activiti\activiti-image-generator\5.22.0\activiti-image-generator-5.22.0.jar;E:\repository\org\apache\commons\commons-email\1.4\commons-email-1.4.jar;E:\repository\com\sun\mail\javax.mail\1.6.1\javax.mail-1.6.1.jar;E:\repository\javax\activation\activation\1.1.1\activation-1.1.1.jar;E:\repository\joda-time\joda-time\2.9.9\joda-time-2.9.9.jar;E:\repository\org\slf4j\jcl-over-slf4j\1.7.25\jcl-over-slf4j-1.7.25.jar;E:\repository\org\activiti\activiti-spring\5.22.0\activiti-spring-5.22.0.jar;E:\repository\org\springframework\spring-jdbc\5.0.7.RELEASE\spring-jdbc-5.0.7.RELEASE.jar;E:\repository\org\springframework\spring-tx\5.0.7.RELEASE\spring-tx-5.0.7.RELEASE.jar;E:\repository\org\springframework\spring-orm\5.0.7.RELEASE\spring-orm-5.0.7.RELEASE.jar;E:\repository\commons-dbcp\commons-dbcp\1.4\commons-dbcp-1.4.jar;E:\repository\commons-pool\commons-pool\1.6\commons-pool-1.6.jar;E:\repository\org\activiti\activiti-modeler\5.22.0\activiti-modeler-5.22.0.jar;E:\repository\org\activiti\activiti-common-rest\5.22.0\activiti-common-rest-5.22.0.jar;E:\repository\org\activiti\activiti-json-converter\5.22.0\activiti-json-converter-5.22.0.jar;E:\repository\math\geom2d\javaGeom\0.11.1\javaGeom-0.11.1.jar;E:\repository\org\springframework\security\spring-security-config\5.0.6.RELEASE\spring-security-config-5.0.6.RELEASE.jar;E:\repository\org\springframework\security\spring-security-core\5.0.6.RELEASE\spring-security-core-5.0.6.RELEASE.jar;E:\repository\org\springframework\security\spring-security-crypto\5.0.6.RELEASE\spring-security-crypto-5.0.6.RELEASE.jar;E:\repository\org\springframework\security\spring-security-web\5.0.6.RELEASE\spring-security-web-5.0.6.RELEASE.jar;E:\repository\com\fasterxml\jackson\core\jackson-core\2.9.6\jackson-core-2.9.6.jar;E:\repository\com\fasterxml\jackson\core\jackson-databind\2.9.6\jackson-databind-2.9.6.jar;E:\repository\com\fasterxml\jackson\core\jackson-annotations\2.9.0\jackson-annotations-2.9.0.jar;E:\repository\org\apache\xmlgraphics\batik-parser\1.7\batik-parser-1.7.jar;E:\repository\org\apache\xmlgraphics\batik-awt-util\1.7\batik-awt-util-1.7.jar;E:\repository\org\apache\xmlgraphics\batik-util\1.7\batik-util-1.7.jar;E:\repository\org\apache\xmlgraphics\batik-xml\1.7\batik-xml-1.7.jar;E:\repository\org\apache\xmlgraphics\batik-transcoder\1.7\batik-transcoder-1.7.jar;E:\repository\org\apache\xmlgraphics\fop\0.94\fop-0.94.jar;E:\repository\org\apache\xmlgraphics\xmlgraphics-commons\1.2\xmlgraphics-commons-1.2.jar;E:\repository\org\apache\avalon\framework\avalon-framework-api\4.3.1\avalon-framework-api-4.3.1.jar;E:\repository\org\apache\avalon\framework\avalon-framework-impl\4.3.1\avalon-framework-impl-4.3.1.jar;E:\repository\org\apache\xmlgraphics\batik-dom\1.7\batik-dom-1.7.jar;E:\repository\org\apache\xmlgraphics\batik-gvt\1.7\batik-gvt-1.7.jar;E:\repository\xml-apis\xml-apis-ext\1.3.04\xml-apis-ext-1.3.04.jar;E:\repository\org\apache\xmlgraphics\batik-bridge\1.7\batik-bridge-1.7.jar;E:\repository\org\apache\xmlgraphics\batik-anim\1.7\batik-anim-1.7.jar;E:\repository\org\apache\xmlgraphics\batik-ext\1.7\batik-ext-1.7.jar;E:\repository\org\apache\xmlgraphics\batik-script\1.7\batik-script-1.7.jar;E:\repository\org\apache\xmlgraphics\batik-js\1.7\batik-js-1.7.jar;E:\repository\org\apache\xmlgraphics\batik-codec\1.7\batik-codec-1.7.jar;E:\repository\org\apache\xmlgraphics\batik-css\1.7\batik-css-1.7.jar;E:\repository\org\apache\xmlgraphics\batik-svg-dom\1.7\batik-svg-dom-1.7.jar;E:\repository\org\apache\xmlgraphics\batik-svggen\1.7\batik-svggen-1.7.jar;E:\repository\org\activiti\activiti-diagram-rest\5.22.0\activiti-diagram-rest-5.22.0.jar;E:\repository\io\springfox\springfox-swagger2\2.6.1\springfox-swagger2-2.6.1.jar;E:\repository\io\swagger\swagger-annotations\1.5.10\swagger-annotations-1.5.10.jar;E:\repository\io\swagger\swagger-models\1.5.10\swagger-models-1.5.10.jar;E:\repository\io\springfox\springfox-spi\2.6.1\springfox-spi-2.6.1.jar;E:\repository\io\springfox\springfox-core\2.6.1\springfox-core-2.6.1.jar;E:\repository\io\springfox\springfox-schema\2.6.1\springfox-schema-2.6.1.jar;E:\repository\io\springfox\springfox-swagger-common\2.6.1\springfox-swagger-common-2.6.1.jar;E:\repository\io\springfox\springfox-spring-web\2.6.1\springfox-spring-web-2.6.1.jar;E:\repository\com\google\guava\guava\18.0\guava-18.0.jar;E:\repository\com\fasterxml\classmate\1.3.4\classmate-1.3.4.jar;E:\repository\org\springframework\plugin\spring-plugin-core\1.2.0.RELEASE\spring-plugin-core-1.2.0.RELEASE.jar;E:\repository\org\springframework\plugin\spring-plugin-metadata\1.2.0.RELEASE\spring-plugin-metadata-1.2.0.RELEASE.jar;E:\repository\org\mapstruct\mapstruct\1.0.0.Final\mapstruct-1.0.0.Final.jar;E:\repository\io\springfox\springfox-swagger-ui\2.6.1\springfox-swagger-ui-2.6.1.jar;E:\repository\org\springframework\boot\spring-boot-starter-data-redis\2.0.3.RELEASE\spring-boot-starter-data-redis-2.0.3.RELEASE.jar;E:\repository\org\springframework\data\spring-data-redis\2.0.8.RELEASE\spring-data-redis-2.0.8.RELEASE.jar;E:\repository\org\springframework\data\spring-data-keyvalue\2.0.8.RELEASE\spring-data-keyvalue-2.0.8.RELEASE.jar;E:\repository\org\springframework\data\spring-data-commons\2.0.8.RELEASE\spring-data-commons-2.0.8.RELEASE.jar;E:\repository\org\springframework\spring-oxm\5.0.7.RELEASE\spring-oxm-5.0.7.RELEASE.jar;E:\repository\io\lettuce\lettuce-core\5.0.4.RELEASE\lettuce-core-5.0.4.RELEASE.jar;E:\repository\io\projectreactor\reactor-core\3.1.8.RELEASE\reactor-core-3.1.8.RELEASE.jar;E:\repository\org\reactivestreams\reactive-streams\1.0.2\reactive-streams-1.0.2.jar;E:\repository\io\netty\netty-common\4.1.25.Final\netty-common-4.1.25.Final.jar;E:\repository\io\netty\netty-transport\4.1.25.Final\netty-transport-4.1.25.Final.jar;E:\repository\io\netty\netty-buffer\4.1.25.Final\netty-buffer-4.1.25.Final.jar;E:\repository\io\netty\netty-resolver\4.1.25.Final\netty-resolver-4.1.25.Final.jar;E:\repository\io\netty\netty-handler\4.1.25.Final\netty-handler-4.1.25.Final.jar;E:\repository\io\netty\netty-codec\4.1.25.Final\netty-codec-4.1.25.Final.jar;E:\repository\redis\clients\jedis\2.9.0\jedis-2.9.0.jar;E:\repository\org\apache\commons\commons-pool2\2.5.0\commons-pool2-2.5.0.jar;E:\repository\org\jsoup\jsoup\1.9.2\jsoup-1.9.2.jar;"/>
    <property name="sun.cpu.endian" value="little"/>
    <property name="user.home" value="C:\Users\wqc"/>
    <property name="user.language" value="zh"/>
    <property name="java.specification.vendor" value="Oracle Corporation"/>
    <property name="java.home" value="G:\Program Files\Java\jdk1.8.0_202\jre"/>
    <property name="basedir" value="E:\bootdo\bootdo"/>
    <property name="file.separator" value="\"/>
    <property name="line.separator" value="&#10;"/>
    <property name="idea.version2019.2.3" value="true"/>
    <property name="java.vm.specification.vendor" value="Oracle Corporation"/>
    <property name="java.specification.name" value="Java Platform API Specification"/>
    <property name="java.awt.graphicsenv" value="sun.awt.Win32GraphicsEnvironment"/>
    <property name="surefire.real.class.path" value="C:\Users\wqc\AppData\Local\Temp\surefire3639178845417320434\surefirebooter4261181582571829781.jar"/>
    <property name="sun.boot.class.path" value="G:\Program Files\Java\jdk1.8.0_202\jre\lib\resources.jar;G:\Program Files\Java\jdk1.8.0_202\jre\lib\rt.jar;G:\Program Files\Java\jdk1.8.0_202\jre\lib\sunrsasign.jar;G:\Program Files\Java\jdk1.8.0_202\jre\lib\jsse.jar;G:\Program Files\Java\jdk1.8.0_202\jre\lib\jce.jar;G:\Program Files\Java\jdk1.8.0_202\jre\lib\charsets.jar;G:\Program Files\Java\jdk1.8.0_202\jre\lib\jfr.jar;G:\Program Files\Java\jdk1.8.0_202\jre\classes"/>
    <property name="user.script" value=""/>
    <property name="sun.management.compiler" value="HotSpot 64-Bit Tiered Compilers"/>
    <property name="java.runtime.version" value="1.8.0_202-b08"/>
    <property name="user.name" value="wqc"/>
    <property name="path.separator" value=";"/>
    <property name="os.version" value="10.0"/>
    <property name="java.endorsed.dirs" value="G:\Program Files\Java\jdk1.8.0_202\jre\lib\endorsed"/>
    <property name="java.runtime.name" value="Java(TM) SE Runtime Environment"/>
    <property name="file.encoding" value="GBK"/>
    <property name="java.vm.name" value="Java HotSpot(TM) 64-Bit Server VM"/>
    <property name="localRepository" value="E:\repository"/>
    <property name="java.vendor.url.bug" value="http://bugreport.sun.com/bugreport/"/>
    <property name="java.io.tmpdir" value="C:\Users\wqc\AppData\Local\Temp\"/>
    <property name="java.version" value="1.8.0_202"/>
    <property name="user.dir" value="E:\bootdo\bootdo"/>
    <property name="os.arch" value="amd64"/>
    <property name="java.vm.specification.name" value="Java Virtual Machine Specification"/>
    <property name="java.awt.printerjob" value="sun.awt.windows.WPrinterJob"/>
    <property name="sun.os.patch.level" value=""/>
    <property name="java.library.path" value="G:\Program Files\Java\jdk1.8.0_202\jre\bin;C:\WINDOWS\Sun\Java\bin;C:\WINDOWS\system32;C:\WINDOWS;G:\Xshell\;C:\Program Files (x86)\Common Files\Intel\Shared Libraries\redist\intel64\compiler;C:\Program Files (x86)\Common Files\Oracle\Java\javapath;C:\Windows\system32;C:\Windows;C:\Windows\System32\Wbem;C:\Windows\System32\WindowsPowerShell\v1.0\;C:\Windows\System32\OpenSSH\;C:\Program Files (x86)\NVIDIA Corporation\PhysX\Common;C:\Program Files\NVIDIA Corporation\NVIDIA NvDLISR;C:\WINDOWS\system32;C:\WINDOWS;C:\WINDOWS\System32\Wbem;C:\WINDOWS\System32\WindowsPowerShell\v1.0\;C:\WINDOWS\System32\OpenSSH\;C:\Program Files\OpenVPN\bin;&quot;G:\JDK8_64\bin;G:\JDK8_64\jre\bin&quot;;C:\Program Files\SlikSvn\bin\;&quot;G:\apache-tomcat-7.0.94\lib;G:\apache-tomcat-7.0.94\bin&quot;;C:\Program Files\MySQL\MySQL Server 5.5\bin;G:\mysql-8.0.15-winx64\bin;G:\Program Files\Microsoft SQL Server\Client SDK\ODBC\110\Tools\Binn\;G:\Program Files (x86)\Microsoft SQL Server\120\Tools\Binn\;G:\Program Files\Microsoft SQL Server\120\Tools\Binn\;G:\Program Files\Microsoft SQL Server\120\DTS\Binn\;G:\Program Files (x86)\Microsoft SQL Server\120\Tools\Binn\ManagementStudio\;G:\Program Files (x86)\Microsoft SQL Server\120\DTS\Binn\;C:\Program Files\erl6.2\bin;G:\hadoop-2.5.2\bin;G:\apache-hive-2.1.1-bin\bin;G:\hadoop-2.5.2\sbin;G:\Program Files\Git\cmd;G:\Program Files\nodejs\;G:\gradle-5.2.1\bin;G:\zookeeper-3.4.13\bin;G:\node\node_global;G:\Programs\Python\Python38-32\Scripts\;G:\Programs\Python\Python38-32\;C:\Users\wqc\AppData\Local\Microsoft\WindowsApps;C:\Users\wqc\AppData\Roaming\npm;G:\Program Files\GitHubDesktop2.1.0.0\bin;."/>
    <property name="java.vm.info" value="mixed mode"/>
    <property name="java.vendor" value="Oracle Corporation"/>
    <property name="java.vm.version" value="25.202-b08"/>
    <property name="java.ext.dirs" value="G:\Program Files\Java\jdk1.8.0_202\jre\lib\ext;C:\WINDOWS\Sun\Java\lib\ext"/>
    <property name="sun.io.unicode.encoding" value="UnicodeLittle"/>
    <property name="java.class.version" value="52.0"/>
  </properties>
  <testcase name="test" classname="com.bootdo.testDemo.TestDemo" time="3.037"/>
</testsuite>